<?xml version="1.0" encoding="UTF-8"?>
<testng-results ignored="0" total="1" passed="1" failed="0" skipped="0">
  <reporter-output>
  </reporter-output>
  <suite started-at="2022-11-26T19:42:52 IST" name="Default suite" finished-at="2022-11-26T19:43:13 IST" duration-ms="21207">
    <groups>
    </groups>
    <test started-at="2022-11-26T19:42:52 IST" name="Default test" finished-at="2022-11-26T19:43:13 IST" duration-ms="21207">
      <class name="scripts.TestCase3">
        <test-method is-config="true" signature="openApp()[pri:0, instance:scripts.TestCase3@7a69b07]" started-at="2022-11-26T19:42:52 IST" name="openApp" finished-at="2022-11-26T19:42:55 IST" duration-ms="2972" status="PASS">
          <reporter-output>
          </reporter-output>
        </test-method> <!-- openApp -->
        <test-method signature="tc3()[pri:0, instance:scripts.TestCase3@7a69b07]" started-at="2022-11-26T19:42:55 IST" name="tc3" finished-at="2022-11-26T19:43:13 IST" duration-ms="18194" status="PASS">
          <reporter-output>
          </reporter-output>
        </test-method> <!-- tc3 -->
        <test-method is-config="true" signature="closeApp()[pri:0, instance:scripts.TestCase3@7a69b07]" started-at="2022-11-26T19:43:13 IST" name="closeApp" finished-at="2022-11-26T19:43:13 IST" duration-ms="0" status="PASS">
          <reporter-output>
          </reporter-output>
        </test-method> <!-- closeApp -->
      </class> <!-- scripts.TestCase3 -->
    </test> <!-- Default test -->
  </suite> <!-- Default suite -->
</testng-results>
